<?xml version="1.0" encoding="UTF-8"?>
<testng-results ignored="0" total="1" passed="1" failed="0" skipped="0">
  <reporter-output>
  </reporter-output>
  <suite started-at="2020-12-18T15:56:57Z" name="Suite" finished-at="2020-12-18T15:57:05Z" duration-ms="7996">
    <groups>
    </groups>
    <test started-at="2020-12-18T15:56:57Z" name="Test" finished-at="2020-12-18T15:57:05Z" duration-ms="7996">
      <class name="sample.Demo">
        <test-method signature="login()[pri:0, instance:sample.Demo@671a5887]" started-at="2020-12-18T21:26:57Z" name="login" finished-at="2020-12-18T21:27:05Z" duration-ms="7984" status="PASS">
          <reporter-output>
          </reporter-output>
        </test-method> <!-- login -->
      </class> <!-- sample.Demo -->
    </test> <!-- Test -->
  </suite> <!-- Suite -->
</testng-results>
