<?xml version="1.0" encoding="UTF-8"?>
<testng-results ignored="0" total="1" passed="1" failed="0" skipped="0">
  <reporter-output>
  </reporter-output>
  <suite started-at="2020-12-18T21:25:08 IST" name="Default suite" finished-at="2020-12-18T21:25:15 IST" duration-ms="7285">
    <groups>
    </groups>
    <test started-at="2020-12-18T21:25:08 IST" name="Default test" finished-at="2020-12-18T21:25:15 IST" duration-ms="7285">
      <class name="sample.Demo">
        <test-method signature="login()[pri:0, instance:sample.Demo@4387b79e]" started-at="2020-12-18T21:25:08 IST" name="login" finished-at="2020-12-18T21:25:15 IST" duration-ms="7260" status="PASS">
          <reporter-output>
          </reporter-output>
        </test-method> <!-- login -->
      </class> <!-- sample.Demo -->
    </test> <!-- Default test -->
  </suite> <!-- Default suite -->
</testng-results>
